[32m2024-10-14 01:03:32.610[0;39m [INFO] com.wipro.review.ReviewRatingRestApiApplication [restartedMain] Starting ReviewRatingRestApiApplication using Java 17.0.11 with PID 11004 (C:\Users\VARSHITH GOUD\eclipse-workspace\docker-workspace\review_rating_rest_api\target\classes started by VARSHITH GOUD in C:\Users\VARSHITH GOUD\eclipse-workspace\docker-workspace\review_rating_rest_api)
[32m2024-10-14 01:03:32.613[0;39m [INFO] com.wipro.review.ReviewRatingRestApiApplication [restartedMain] No active profile set, falling back to 1 default profile: "default"
[32m2024-10-14 01:03:32.666[0;39m [INFO] org.springframework.boot.devtools.env.DevToolsPropertyDefaultsPostProcessor [restartedMain] Devtools property defaults active! Set 'spring.devtools.add-properties' to 'false' to disable
[32m2024-10-14 01:03:32.668[0;39m [INFO] org.springframework.boot.devtools.env.DevToolsPropertyDefaultsPostProcessor [restartedMain] For additional web related logging consider setting the 'logging.level.web' property to 'DEBUG'
[32m2024-10-14 01:03:33.356[0;39m [INFO] org.springframework.data.repository.config.RepositoryConfigurationDelegate [restartedMain] Bootstrapping Spring Data JPA repositories in DEFAULT mode.
[32m2024-10-14 01:03:33.409[0;39m [INFO] org.springframework.data.repository.config.RepositoryConfigurationDelegate [restartedMain] Finished Spring Data repository scanning in 45 ms. Found 1 JPA repository interface.
[32m2024-10-14 01:03:33.864[0;39m [INFO] org.springframework.boot.web.embedded.tomcat.TomcatWebServer [restartedMain] Tomcat initialized with port 7474 (http)
[32m2024-10-14 01:03:33.875[0;39m [INFO] org.apache.catalina.core.StandardService [restartedMain] Starting service [Tomcat]
[32m2024-10-14 01:03:33.875[0;39m [INFO] org.apache.catalina.core.StandardEngine [restartedMain] Starting Servlet engine: [Apache Tomcat/10.1.30]
[32m2024-10-14 01:03:33.920[0;39m [INFO] org.apache.catalina.core.ContainerBase.[Tomcat].[localhost].[/] [restartedMain] Initializing Spring embedded WebApplicationContext
[32m2024-10-14 01:03:33.920[0;39m [INFO] org.springframework.boot.web.servlet.context.ServletWebServerApplicationContext [restartedMain] Root WebApplicationContext: initialization completed in 1252 ms
[32m2024-10-14 01:03:34.049[0;39m [INFO] org.hibernate.jpa.internal.util.LogHelper [restartedMain] HHH000204: Processing PersistenceUnitInfo [name: default]
[32m2024-10-14 01:03:34.089[0;39m [INFO] org.hibernate.Version [restartedMain] HHH000412: Hibernate ORM core version 6.5.3.Final
[32m2024-10-14 01:03:34.116[0;39m [INFO] org.hibernate.cache.internal.RegionFactoryInitiator [restartedMain] HHH000026: Second-level cache disabled
[32m2024-10-14 01:03:34.364[0;39m [INFO] org.springframework.orm.jpa.persistenceunit.SpringPersistenceUnitInfo [restartedMain] No LoadTimeWeaver setup: ignoring JPA class transformer
[32m2024-10-14 01:03:34.392[0;39m [INFO] com.zaxxer.hikari.HikariDataSource [restartedMain] HikariPool-1 - Starting...
[32m2024-10-14 01:03:35.670[0;39m [WARN] org.hibernate.engine.jdbc.spi.SqlExceptionHelper [restartedMain] SQL Error: 1049, SQLState: 42000
[32m2024-10-14 01:03:35.670[0;39m [ERROR] org.hibernate.engine.jdbc.spi.SqlExceptionHelper [restartedMain] Unknown database 'reviews_db'
[32m2024-10-14 01:03:35.672[0;39m [WARN] org.hibernate.engine.jdbc.env.internal.JdbcEnvironmentInitiator [restartedMain] HHH000342: Could not obtain connection to query metadata
org.hibernate.exception.SQLGrammarException: unable to obtain isolated JDBC connection [Unknown database 'reviews_db'] [n/a]
	at org.hibernate.exception.internal.SQLStateConversionDelegate.convert(SQLStateConversionDelegate.java:91)
	at org.hibernate.exception.internal.StandardSQLExceptionConverter.convert(StandardSQLExceptionConverter.java:58)
	at org.hibernate.engine.jdbc.spi.SqlExceptionHelper.convert(SqlExceptionHelper.java:108)
	at org.hibernate.engine.jdbc.spi.SqlExceptionHelper.convert(SqlExceptionHelper.java:94)
	at org.hibernate.resource.transaction.backend.jdbc.internal.JdbcIsolationDelegate.delegateWork(JdbcIsolationDelegate.java:116)
	at org.hibernate.engine.jdbc.env.internal.JdbcEnvironmentInitiator.getJdbcEnvironmentUsingJdbcMetadata(JdbcEnvironmentInitiator.java:292)
	at org.hibernate.engine.jdbc.env.internal.JdbcEnvironmentInitiator.initiateService(JdbcEnvironmentInitiator.java:124)
	at org.hibernate.engine.jdbc.env.internal.JdbcEnvironmentInitiator.initiateService(JdbcEnvironmentInitiator.java:78)
	at org.hibernate.boot.registry.internal.StandardServiceRegistryImpl.initiateService(StandardServiceRegistryImpl.java:130)
	at org.hibernate.service.internal.AbstractServiceRegistryImpl.createService(AbstractServiceRegistryImpl.java:263)
	at org.hibernate.service.internal.AbstractServiceRegistryImpl.initializeService(AbstractServiceRegistryImpl.java:238)
	at org.hibernate.service.internal.AbstractServiceRegistryImpl.getService(AbstractServiceRegistryImpl.java:215)
	at org.hibernate.boot.model.relational.Database.<init>(Database.java:45)
	at org.hibernate.boot.internal.InFlightMetadataCollectorImpl.getDatabase(InFlightMetadataCollectorImpl.java:221)
	at org.hibernate.boot.internal.InFlightMetadataCollectorImpl.<init>(InFlightMetadataCollectorImpl.java:189)
	at org.hibernate.boot.model.process.spi.MetadataBuildingProcess.complete(MetadataBuildingProcess.java:171)
	at org.hibernate.jpa.boot.internal.EntityManagerFactoryBuilderImpl.metadata(EntityManagerFactoryBuilderImpl.java:1431)
	at org.hibernate.jpa.boot.internal.EntityManagerFactoryBuilderImpl.build(EntityManagerFactoryBuilderImpl.java:1502)
	at org.springframework.orm.jpa.vendor.SpringHibernateJpaPersistenceProvider.createContainerEntityManagerFactory(SpringHibernateJpaPersistenceProvider.java:75)
	at org.springframework.orm.jpa.LocalContainerEntityManagerFactoryBean.createNativeEntityManagerFactory(LocalContainerEntityManagerFactoryBean.java:390)
	at org.springframework.orm.jpa.AbstractEntityManagerFactoryBean.buildNativeEntityManagerFactory(AbstractEntityManagerFactoryBean.java:409)
	at org.springframework.orm.jpa.AbstractEntityManagerFactoryBean.afterPropertiesSet(AbstractEntityManagerFactoryBean.java:396)
	at org.springframework.orm.jpa.LocalContainerEntityManagerFactoryBean.afterPropertiesSet(LocalContainerEntityManagerFactoryBean.java:366)
	at org.springframework.beans.factory.support.AbstractAutowireCapableBeanFactory.invokeInitMethods(AbstractAutowireCapableBeanFactory.java:1853)
	at org.springframework.beans.factory.support.AbstractAutowireCapableBeanFactory.initializeBean(AbstractAutowireCapableBeanFactory.java:1802)
	at org.springframework.beans.factory.support.AbstractAutowireCapableBeanFactory.doCreateBean(AbstractAutowireCapableBeanFactory.java:600)
	at org.springframework.beans.factory.support.AbstractAutowireCapableBeanFactory.createBean(AbstractAutowireCapableBeanFactory.java:522)
	at org.springframework.beans.factory.support.AbstractBeanFactory.lambda$doGetBean$0(AbstractBeanFactory.java:337)
	at org.springframework.beans.factory.support.DefaultSingletonBeanRegistry.getSingleton(DefaultSingletonBeanRegistry.java:234)
	at org.springframework.beans.factory.support.AbstractBeanFactory.doGetBean(AbstractBeanFactory.java:335)
	at org.springframework.beans.factory.support.AbstractBeanFactory.getBean(AbstractBeanFactory.java:205)
	at org.springframework.context.support.AbstractApplicationContext.finishBeanFactoryInitialization(AbstractApplicationContext.java:954)
	at org.springframework.context.support.AbstractApplicationContext.refresh(AbstractApplicationContext.java:625)
	at org.springframework.boot.web.servlet.context.ServletWebServerApplicationContext.refresh(ServletWebServerApplicationContext.java:146)
	at org.springframework.boot.SpringApplication.refresh(SpringApplication.java:754)
	at org.springframework.boot.SpringApplication.refreshContext(SpringApplication.java:456)
	at org.springframework.boot.SpringApplication.run(SpringApplication.java:335)
	at org.springframework.boot.SpringApplication.run(SpringApplication.java:1363)
	at org.springframework.boot.SpringApplication.run(SpringApplication.java:1352)
	at com.wipro.review.ReviewRatingRestApiApplication.main(ReviewRatingRestApiApplication.java:10)
	at java.base/jdk.internal.reflect.NativeMethodAccessorImpl.invoke0(Native Method)
	at java.base/jdk.internal.reflect.NativeMethodAccessorImpl.invoke(NativeMethodAccessorImpl.java:77)
	at java.base/jdk.internal.reflect.DelegatingMethodAccessorImpl.invoke(DelegatingMethodAccessorImpl.java:43)
	at java.base/java.lang.reflect.Method.invoke(Method.java:568)
	at org.springframework.boot.devtools.restart.RestartLauncher.run(RestartLauncher.java:50)
Caused by: java.sql.SQLSyntaxErrorException: Unknown database 'reviews_db'
	at com.mysql.cj.jdbc.exceptions.SQLError.createSQLException(SQLError.java:121)
	at com.mysql.cj.jdbc.exceptions.SQLExceptionsMapping.translateException(SQLExceptionsMapping.java:122)
	at com.mysql.cj.jdbc.ConnectionImpl.createNewIO(ConnectionImpl.java:815)
	at com.mysql.cj.jdbc.ConnectionImpl.<init>(ConnectionImpl.java:438)
	at com.mysql.cj.jdbc.ConnectionImpl.getInstance(ConnectionImpl.java:241)
	at com.mysql.cj.jdbc.NonRegisteringDriver.connect(NonRegisteringDriver.java:189)
	at com.zaxxer.hikari.util.DriverDataSource.getConnection(DriverDataSource.java:137)
	at com.zaxxer.hikari.pool.PoolBase.newConnection(PoolBase.java:360)
	at com.zaxxer.hikari.pool.PoolBase.newPoolEntry(PoolBase.java:202)
	at com.zaxxer.hikari.pool.HikariPool.createPoolEntry(HikariPool.java:461)
	at com.zaxxer.hikari.pool.HikariPool.checkFailFast(HikariPool.java:550)
	at com.zaxxer.hikari.pool.HikariPool.<init>(HikariPool.java:98)
	at com.zaxxer.hikari.HikariDataSource.getConnection(HikariDataSource.java:111)
	at org.hibernate.engine.jdbc.connections.internal.DatasourceConnectionProviderImpl.getConnection(DatasourceConnectionProviderImpl.java:122)
	at org.hibernate.engine.jdbc.env.internal.JdbcEnvironmentInitiator$ConnectionProviderJdbcConnectionAccess.obtainConnection(JdbcEnvironmentInitiator.java:439)
	at org.hibernate.resource.transaction.backend.jdbc.internal.JdbcIsolationDelegate.delegateWork(JdbcIsolationDelegate.java:61)
	... 40 common frames omitted
[32m2024-10-14 01:03:35.679[0;39m [ERROR] org.springframework.orm.jpa.LocalContainerEntityManagerFactoryBean [restartedMain] Failed to initialize JPA EntityManagerFactory: Unable to create requested service [org.hibernate.engine.jdbc.env.spi.JdbcEnvironment] due to: Unable to determine Dialect without JDBC metadata (please set 'jakarta.persistence.jdbc.url' for common cases or 'hibernate.dialect' when a custom Dialect implementation must be provided)
[32m2024-10-14 01:03:35.679[0;39m [WARN] org.springframework.boot.web.servlet.context.AnnotationConfigServletWebServerApplicationContext [restartedMain] Exception encountered during context initialization - cancelling refresh attempt: org.springframework.beans.factory.BeanCreationException: Error creating bean with name 'entityManagerFactory' defined in class path resource [org/springframework/boot/autoconfigure/orm/jpa/HibernateJpaConfiguration.class]: Unable to create requested service [org.hibernate.engine.jdbc.env.spi.JdbcEnvironment] due to: Unable to determine Dialect without JDBC metadata (please set 'jakarta.persistence.jdbc.url' for common cases or 'hibernate.dialect' when a custom Dialect implementation must be provided)
[32m2024-10-14 01:03:35.682[0;39m [INFO] org.apache.catalina.core.StandardService [restartedMain] Stopping service [Tomcat]
[32m2024-10-14 01:03:35.694[0;39m [INFO] org.springframework.boot.autoconfigure.logging.ConditionEvaluationReportLogger [restartedMain] 

Error starting ApplicationContext. To display the condition evaluation report re-run your application with 'debug' enabled.
[32m2024-10-14 01:03:35.711[0;39m [ERROR] org.springframework.boot.SpringApplication [restartedMain] Application run failed
org.springframework.beans.factory.BeanCreationException: Error creating bean with name 'entityManagerFactory' defined in class path resource [org/springframework/boot/autoconfigure/orm/jpa/HibernateJpaConfiguration.class]: Unable to create requested service [org.hibernate.engine.jdbc.env.spi.JdbcEnvironment] due to: Unable to determine Dialect without JDBC metadata (please set 'jakarta.persistence.jdbc.url' for common cases or 'hibernate.dialect' when a custom Dialect implementation must be provided)
	at org.springframework.beans.factory.support.AbstractAutowireCapableBeanFactory.initializeBean(AbstractAutowireCapableBeanFactory.java:1806)
	at org.springframework.beans.factory.support.AbstractAutowireCapableBeanFactory.doCreateBean(AbstractAutowireCapableBeanFactory.java:600)
	at org.springframework.beans.factory.support.AbstractAutowireCapableBeanFactory.createBean(AbstractAutowireCapableBeanFactory.java:522)
	at org.springframework.beans.factory.support.AbstractBeanFactory.lambda$doGetBean$0(AbstractBeanFactory.java:337)
	at org.springframework.beans.factory.support.DefaultSingletonBeanRegistry.getSingleton(DefaultSingletonBeanRegistry.java:234)
	at org.springframework.beans.factory.support.AbstractBeanFactory.doGetBean(AbstractBeanFactory.java:335)
	at org.springframework.beans.factory.support.AbstractBeanFactory.getBean(AbstractBeanFactory.java:205)
	at org.springframework.context.support.AbstractApplicationContext.finishBeanFactoryInitialization(AbstractApplicationContext.java:954)
	at org.springframework.context.support.AbstractApplicationContext.refresh(AbstractApplicationContext.java:625)
	at org.springframework.boot.web.servlet.context.ServletWebServerApplicationContext.refresh(ServletWebServerApplicationContext.java:146)
	at org.springframework.boot.SpringApplication.refresh(SpringApplication.java:754)
	at org.springframework.boot.SpringApplication.refreshContext(SpringApplication.java:456)
	at org.springframework.boot.SpringApplication.run(SpringApplication.java:335)
	at org.springframework.boot.SpringApplication.run(SpringApplication.java:1363)
	at org.springframework.boot.SpringApplication.run(SpringApplication.java:1352)
	at com.wipro.review.ReviewRatingRestApiApplication.main(ReviewRatingRestApiApplication.java:10)
	at java.base/jdk.internal.reflect.NativeMethodAccessorImpl.invoke0(Native Method)
	at java.base/jdk.internal.reflect.NativeMethodAccessorImpl.invoke(NativeMethodAccessorImpl.java:77)
	at java.base/jdk.internal.reflect.DelegatingMethodAccessorImpl.invoke(DelegatingMethodAccessorImpl.java:43)
	at java.base/java.lang.reflect.Method.invoke(Method.java:568)
	at org.springframework.boot.devtools.restart.RestartLauncher.run(RestartLauncher.java:50)
Caused by: org.hibernate.service.spi.ServiceException: Unable to create requested service [org.hibernate.engine.jdbc.env.spi.JdbcEnvironment] due to: Unable to determine Dialect without JDBC metadata (please set 'jakarta.persistence.jdbc.url' for common cases or 'hibernate.dialect' when a custom Dialect implementation must be provided)
	at org.hibernate.service.internal.AbstractServiceRegistryImpl.createService(AbstractServiceRegistryImpl.java:276)
	at org.hibernate.service.internal.AbstractServiceRegistryImpl.initializeService(AbstractServiceRegistryImpl.java:238)
	at org.hibernate.service.internal.AbstractServiceRegistryImpl.getService(AbstractServiceRegistryImpl.java:215)
	at org.hibernate.boot.model.relational.Database.<init>(Database.java:45)
	at org.hibernate.boot.internal.InFlightMetadataCollectorImpl.getDatabase(InFlightMetadataCollectorImpl.java:221)
	at org.hibernate.boot.internal.InFlightMetadataCollectorImpl.<init>(InFlightMetadataCollectorImpl.java:189)
	at org.hibernate.boot.model.process.spi.MetadataBuildingProcess.complete(MetadataBuildingProcess.java:171)
	at org.hibernate.jpa.boot.internal.EntityManagerFactoryBuilderImpl.metadata(EntityManagerFactoryBuilderImpl.java:1431)
	at org.hibernate.jpa.boot.internal.EntityManagerFactoryBuilderImpl.build(EntityManagerFactoryBuilderImpl.java:1502)
	at org.springframework.orm.jpa.vendor.SpringHibernateJpaPersistenceProvider.createContainerEntityManagerFactory(SpringHibernateJpaPersistenceProvider.java:75)
	at org.springframework.orm.jpa.LocalContainerEntityManagerFactoryBean.createNativeEntityManagerFactory(LocalContainerEntityManagerFactoryBean.java:390)
	at org.springframework.orm.jpa.AbstractEntityManagerFactoryBean.buildNativeEntityManagerFactory(AbstractEntityManagerFactoryBean.java:409)
	at org.springframework.orm.jpa.AbstractEntityManagerFactoryBean.afterPropertiesSet(AbstractEntityManagerFactoryBean.java:396)
	at org.springframework.orm.jpa.LocalContainerEntityManagerFactoryBean.afterPropertiesSet(LocalContainerEntityManagerFactoryBean.java:366)
	at org.springframework.beans.factory.support.AbstractAutowireCapableBeanFactory.invokeInitMethods(AbstractAutowireCapableBeanFactory.java:1853)
	at org.springframework.beans.factory.support.AbstractAutowireCapableBeanFactory.initializeBean(AbstractAutowireCapableBeanFactory.java:1802)
	... 20 common frames omitted
Caused by: org.hibernate.HibernateException: Unable to determine Dialect without JDBC metadata (please set 'jakarta.persistence.jdbc.url' for common cases or 'hibernate.dialect' when a custom Dialect implementation must be provided)
	at org.hibernate.engine.jdbc.dialect.internal.DialectFactoryImpl.determineDialect(DialectFactoryImpl.java:191)
	at org.hibernate.engine.jdbc.dialect.internal.DialectFactoryImpl.buildDialect(DialectFactoryImpl.java:87)
	at org.hibernate.engine.jdbc.env.internal.JdbcEnvironmentInitiator.getJdbcEnvironmentWithDefaults(JdbcEnvironmentInitiator.java:153)
	at org.hibernate.engine.jdbc.env.internal.JdbcEnvironmentInitiator.getJdbcEnvironmentUsingJdbcMetadata(JdbcEnvironmentInitiator.java:364)
	at org.hibernate.engine.jdbc.env.internal.JdbcEnvironmentInitiator.initiateService(JdbcEnvironmentInitiator.java:124)
	at org.hibernate.engine.jdbc.env.internal.JdbcEnvironmentInitiator.initiateService(JdbcEnvironmentInitiator.java:78)
	at org.hibernate.boot.registry.internal.StandardServiceRegistryImpl.initiateService(StandardServiceRegistryImpl.java:130)
	at org.hibernate.service.internal.AbstractServiceRegistryImpl.createService(AbstractServiceRegistryImpl.java:263)
	... 35 common frames omitted
[32m2024-10-14 01:06:16.801[0;39m [INFO] com.wipro.review.ReviewRatingRestApiApplication [restartedMain] Starting ReviewRatingRestApiApplication using Java 17.0.11 with PID 14060 (C:\Users\VARSHITH GOUD\eclipse-workspace\docker-workspace\review_rating_rest_api\target\classes started by VARSHITH GOUD in C:\Users\VARSHITH GOUD\eclipse-workspace\docker-workspace\review_rating_rest_api)
[32m2024-10-14 01:06:16.804[0;39m [INFO] com.wipro.review.ReviewRatingRestApiApplication [restartedMain] No active profile set, falling back to 1 default profile: "default"
[32m2024-10-14 01:06:16.857[0;39m [INFO] org.springframework.boot.devtools.env.DevToolsPropertyDefaultsPostProcessor [restartedMain] Devtools property defaults active! Set 'spring.devtools.add-properties' to 'false' to disable
[32m2024-10-14 01:06:16.857[0;39m [INFO] org.springframework.boot.devtools.env.DevToolsPropertyDefaultsPostProcessor [restartedMain] For additional web related logging consider setting the 'logging.level.web' property to 'DEBUG'
[32m2024-10-14 01:06:17.740[0;39m [INFO] org.springframework.data.repository.config.RepositoryConfigurationDelegate [restartedMain] Bootstrapping Spring Data JPA repositories in DEFAULT mode.
[32m2024-10-14 01:06:17.805[0;39m [INFO] org.springframework.data.repository.config.RepositoryConfigurationDelegate [restartedMain] Finished Spring Data repository scanning in 58 ms. Found 1 JPA repository interface.
[32m2024-10-14 01:06:18.362[0;39m [INFO] org.springframework.boot.web.embedded.tomcat.TomcatWebServer [restartedMain] Tomcat initialized with port 7474 (http)
[32m2024-10-14 01:06:18.376[0;39m [INFO] org.apache.catalina.core.StandardService [restartedMain] Starting service [Tomcat]
[32m2024-10-14 01:06:18.376[0;39m [INFO] org.apache.catalina.core.StandardEngine [restartedMain] Starting Servlet engine: [Apache Tomcat/10.1.30]
[32m2024-10-14 01:06:18.431[0;39m [INFO] org.apache.catalina.core.ContainerBase.[Tomcat].[localhost].[/] [restartedMain] Initializing Spring embedded WebApplicationContext
[32m2024-10-14 01:06:18.431[0;39m [INFO] org.springframework.boot.web.servlet.context.ServletWebServerApplicationContext [restartedMain] Root WebApplicationContext: initialization completed in 1574 ms
[32m2024-10-14 01:06:18.576[0;39m [INFO] org.hibernate.jpa.internal.util.LogHelper [restartedMain] HHH000204: Processing PersistenceUnitInfo [name: default]
[32m2024-10-14 01:06:18.661[0;39m [INFO] org.hibernate.Version [restartedMain] HHH000412: Hibernate ORM core version 6.5.3.Final
[32m2024-10-14 01:06:18.714[0;39m [INFO] org.hibernate.cache.internal.RegionFactoryInitiator [restartedMain] HHH000026: Second-level cache disabled
[32m2024-10-14 01:06:19.034[0;39m [INFO] org.springframework.orm.jpa.persistenceunit.SpringPersistenceUnitInfo [restartedMain] No LoadTimeWeaver setup: ignoring JPA class transformer
[32m2024-10-14 01:06:19.070[0;39m [INFO] com.zaxxer.hikari.HikariDataSource [restartedMain] HikariPool-1 - Starting...
[32m2024-10-14 01:06:19.423[0;39m [INFO] com.zaxxer.hikari.pool.HikariPool [restartedMain] HikariPool-1 - Added connection com.mysql.cj.jdbc.ConnectionImpl@d4361c0
[32m2024-10-14 01:06:19.425[0;39m [INFO] com.zaxxer.hikari.HikariDataSource [restartedMain] HikariPool-1 - Start completed.
[32m2024-10-14 01:06:20.437[0;39m [INFO] org.hibernate.engine.transaction.jta.platform.internal.JtaPlatformInitiator [restartedMain] HHH000489: No JTA platform available (set 'hibernate.transaction.jta.platform' to enable JTA platform integration)
[32m2024-10-14 01:06:20.553[0;39m [INFO] org.springframework.orm.jpa.LocalContainerEntityManagerFactoryBean [restartedMain] Initialized JPA EntityManagerFactory for persistence unit 'default'
[32m2024-10-14 01:06:20.799[0;39m [WARN] org.springframework.boot.autoconfigure.orm.jpa.JpaBaseConfiguration$JpaWebConfiguration [restartedMain] spring.jpa.open-in-view is enabled by default. Therefore, database queries may be performed during view rendering. Explicitly configure spring.jpa.open-in-view to disable this warning
[32m2024-10-14 01:06:21.116[0;39m [WARN] org.springframework.boot.autoconfigure.security.servlet.UserDetailsServiceAutoConfiguration [restartedMain] 

Using generated security password: 46f2e9fd-27d2-4980-a984-13bfb3983c32

This generated password is for development use only. Your security configuration must be updated before running your application in production.

[32m2024-10-14 01:06:21.133[0;39m [INFO] org.springframework.security.config.annotation.authentication.configuration.InitializeUserDetailsBeanManagerConfigurer$InitializeUserDetailsManagerConfigurer [restartedMain] Global AuthenticationManager configured with UserDetailsService bean with name inMemoryUserDetailsManager
[32m2024-10-14 01:06:21.271[0;39m [WARN] org.springframework.boot.devtools.autoconfigure.OptionalLiveReloadServer [restartedMain] Unable to start LiveReload server
[32m2024-10-14 01:06:21.324[0;39m [INFO] org.springframework.boot.web.embedded.tomcat.TomcatWebServer [restartedMain] Tomcat started on port 7474 (http) with context path '/'
[32m2024-10-14 01:06:21.336[0;39m [INFO] com.wipro.review.ReviewRatingRestApiApplication [restartedMain] Started ReviewRatingRestApiApplication in 4.934 seconds (process running for 5.65)
[32m2024-10-14 01:20:40.759[0;39m [INFO] org.springframework.boot.admin.SpringApplicationAdminMXBeanRegistrar$SpringApplicationAdmin [RMI TCP Connection(19)-127.0.0.1] Application shutdown requested.
[32m2024-10-14 01:20:41.849[0;39m [INFO] org.springframework.orm.jpa.LocalContainerEntityManagerFactoryBean [RMI TCP Connection(19)-127.0.0.1] Closing JPA EntityManagerFactory for persistence unit 'default'
[32m2024-10-14 01:20:41.950[0;39m [INFO] com.zaxxer.hikari.HikariDataSource [RMI TCP Connection(19)-127.0.0.1] HikariPool-1 - Shutdown initiated...
[32m2024-10-14 01:20:42.047[0;39m [INFO] com.zaxxer.hikari.HikariDataSource [RMI TCP Connection(19)-127.0.0.1] HikariPool-1 - Shutdown completed.
[32m2024-10-14 01:20:50.621[0;39m [INFO] com.wipro.review.ReviewRatingRestApiApplication [restartedMain] Starting ReviewRatingRestApiApplication using Java 17.0.11 with PID 5880 (C:\Users\VARSHITH GOUD\eclipse-workspace\docker-workspace\review_rating_rest_api\target\classes started by VARSHITH GOUD in C:\Users\VARSHITH GOUD\eclipse-workspace\docker-workspace\review_rating_rest_api)
[32m2024-10-14 01:20:50.628[0;39m [INFO] com.wipro.review.ReviewRatingRestApiApplication [restartedMain] No active profile set, falling back to 1 default profile: "default"
[32m2024-10-14 01:20:50.771[0;39m [INFO] org.springframework.boot.devtools.env.DevToolsPropertyDefaultsPostProcessor [restartedMain] Devtools property defaults active! Set 'spring.devtools.add-properties' to 'false' to disable
[32m2024-10-14 01:20:50.772[0;39m [INFO] org.springframework.boot.devtools.env.DevToolsPropertyDefaultsPostProcessor [restartedMain] For additional web related logging consider setting the 'logging.level.web' property to 'DEBUG'
[32m2024-10-14 01:20:52.928[0;39m [INFO] org.springframework.data.repository.config.RepositoryConfigurationDelegate [restartedMain] Bootstrapping Spring Data JPA repositories in DEFAULT mode.
[32m2024-10-14 01:20:53.148[0;39m [INFO] org.springframework.data.repository.config.RepositoryConfigurationDelegate [restartedMain] Finished Spring Data repository scanning in 194 ms. Found 1 JPA repository interface.
[32m2024-10-14 01:20:54.742[0;39m [INFO] org.springframework.boot.web.embedded.tomcat.TomcatWebServer [restartedMain] Tomcat initialized with port 7474 (http)
[32m2024-10-14 01:20:54.770[0;39m [INFO] org.apache.catalina.core.StandardService [restartedMain] Starting service [Tomcat]
[32m2024-10-14 01:20:54.771[0;39m [INFO] org.apache.catalina.core.StandardEngine [restartedMain] Starting Servlet engine: [Apache Tomcat/10.1.30]
[32m2024-10-14 01:20:54.906[0;39m [INFO] org.apache.catalina.core.ContainerBase.[Tomcat].[localhost].[/] [restartedMain] Initializing Spring embedded WebApplicationContext
[32m2024-10-14 01:20:54.908[0;39m [INFO] org.springframework.boot.web.servlet.context.ServletWebServerApplicationContext [restartedMain] Root WebApplicationContext: initialization completed in 4133 ms
[32m2024-10-14 01:20:55.175[0;39m [INFO] org.hibernate.jpa.internal.util.LogHelper [restartedMain] HHH000204: Processing PersistenceUnitInfo [name: default]
[32m2024-10-14 01:20:55.268[0;39m [INFO] org.hibernate.Version [restartedMain] HHH000412: Hibernate ORM core version 6.5.3.Final
[32m2024-10-14 01:20:55.328[0;39m [INFO] org.hibernate.cache.internal.RegionFactoryInitiator [restartedMain] HHH000026: Second-level cache disabled
[32m2024-10-14 01:20:55.857[0;39m [INFO] org.springframework.orm.jpa.persistenceunit.SpringPersistenceUnitInfo [restartedMain] No LoadTimeWeaver setup: ignoring JPA class transformer
[32m2024-10-14 01:20:55.910[0;39m [INFO] com.zaxxer.hikari.HikariDataSource [restartedMain] HikariPool-1 - Starting...
[32m2024-10-14 01:20:56.411[0;39m [INFO] com.zaxxer.hikari.pool.HikariPool [restartedMain] HikariPool-1 - Added connection com.mysql.cj.jdbc.ConnectionImpl@6abac069
[32m2024-10-14 01:20:56.417[0;39m [INFO] com.zaxxer.hikari.HikariDataSource [restartedMain] HikariPool-1 - Start completed.
[32m2024-10-14 01:20:58.254[0;39m [INFO] org.hibernate.engine.transaction.jta.platform.internal.JtaPlatformInitiator [restartedMain] HHH000489: No JTA platform available (set 'hibernate.transaction.jta.platform' to enable JTA platform integration)
[32m2024-10-14 01:20:58.336[0;39m [INFO] org.springframework.orm.jpa.LocalContainerEntityManagerFactoryBean [restartedMain] Initialized JPA EntityManagerFactory for persistence unit 'default'
[32m2024-10-14 01:20:58.865[0;39m [WARN] org.springframework.boot.autoconfigure.orm.jpa.JpaBaseConfiguration$JpaWebConfiguration [restartedMain] spring.jpa.open-in-view is enabled by default. Therefore, database queries may be performed during view rendering. Explicitly configure spring.jpa.open-in-view to disable this warning
[32m2024-10-14 01:20:59.600[0;39m [WARN] org.springframework.boot.autoconfigure.security.servlet.UserDetailsServiceAutoConfiguration [restartedMain] 

Using generated security password: 2cbb6150-fe24-41fb-bf09-6edcf7082e9d

This generated password is for development use only. Your security configuration must be updated before running your application in production.

[32m2024-10-14 01:20:59.653[0;39m [INFO] org.springframework.security.config.annotation.authentication.configuration.InitializeUserDetailsBeanManagerConfigurer$InitializeUserDetailsManagerConfigurer [restartedMain] Global AuthenticationManager configured with UserDetailsService bean with name inMemoryUserDetailsManager
[32m2024-10-14 01:21:00.159[0;39m [WARN] org.springframework.boot.devtools.autoconfigure.OptionalLiveReloadServer [restartedMain] Unable to start LiveReload server
[32m2024-10-14 01:21:00.263[0;39m [INFO] org.springframework.boot.web.embedded.tomcat.TomcatWebServer [restartedMain] Tomcat started on port 7474 (http) with context path '/'
[32m2024-10-14 01:21:00.297[0;39m [INFO] com.wipro.review.ReviewRatingRestApiApplication [restartedMain] Started ReviewRatingRestApiApplication in 10.594 seconds (process running for 12.711)
[32m2024-10-14 03:03:31.888[0;39m [INFO] org.springframework.boot.devtools.autoconfigure.LocalDevToolsAutoConfiguration$RestartingClassPathChangeChangedEventListener [File Watcher] Restarting due to 3 class path changes (2 additions, 0 deletions, 1 modification)
[32m2024-10-14 03:03:32.220[0;39m [INFO] org.springframework.orm.jpa.LocalContainerEntityManagerFactoryBean [Thread-1] Closing JPA EntityManagerFactory for persistence unit 'default'
[32m2024-10-14 03:03:32.282[0;39m [INFO] com.zaxxer.hikari.HikariDataSource [Thread-1] HikariPool-1 - Shutdown initiated...
[32m2024-10-14 03:03:32.323[0;39m [INFO] com.zaxxer.hikari.HikariDataSource [Thread-1] HikariPool-1 - Shutdown completed.
[32m2024-10-14 03:03:32.672[0;39m [INFO] com.wipro.review.ReviewRatingRestApiApplication [restartedMain] Starting ReviewRatingRestApiApplication using Java 17.0.11 with PID 5880 (C:\Users\VARSHITH GOUD\eclipse-workspace\docker-workspace\review_rating_rest_api\target\classes started by VARSHITH GOUD in C:\Users\VARSHITH GOUD\eclipse-workspace\docker-workspace\review_rating_rest_api)
[32m2024-10-14 03:03:32.672[0;39m [INFO] com.wipro.review.ReviewRatingRestApiApplication [restartedMain] No active profile set, falling back to 1 default profile: "default"
[32m2024-10-14 03:03:32.978[0;39m [INFO] org.springframework.data.repository.config.RepositoryConfigurationDelegate [restartedMain] Bootstrapping Spring Data JPA repositories in DEFAULT mode.
[32m2024-10-14 03:03:32.997[0;39m [INFO] org.springframework.data.repository.config.RepositoryConfigurationDelegate [restartedMain] Finished Spring Data repository scanning in 18 ms. Found 1 JPA repository interface.
[32m2024-10-14 03:03:33.146[0;39m [INFO] org.springframework.boot.web.embedded.tomcat.TomcatWebServer [restartedMain] Tomcat initialized with port 7474 (http)
[32m2024-10-14 03:03:33.148[0;39m [INFO] org.apache.catalina.core.StandardService [restartedMain] Starting service [Tomcat]
[32m2024-10-14 03:03:33.148[0;39m [INFO] org.apache.catalina.core.StandardEngine [restartedMain] Starting Servlet engine: [Apache Tomcat/10.1.30]
[32m2024-10-14 03:03:33.175[0;39m [INFO] org.apache.catalina.core.ContainerBase.[Tomcat].[localhost].[/] [restartedMain] Initializing Spring embedded WebApplicationContext
[32m2024-10-14 03:03:33.176[0;39m [INFO] org.springframework.boot.web.servlet.context.ServletWebServerApplicationContext [restartedMain] Root WebApplicationContext: initialization completed in 498 ms
[32m2024-10-14 03:03:33.229[0;39m [INFO] org.hibernate.jpa.internal.util.LogHelper [restartedMain] HHH000204: Processing PersistenceUnitInfo [name: default]
[32m2024-10-14 03:03:33.236[0;39m [INFO] org.hibernate.cache.internal.RegionFactoryInitiator [restartedMain] HHH000026: Second-level cache disabled
[32m2024-10-14 03:03:33.260[0;39m [INFO] org.springframework.orm.jpa.persistenceunit.SpringPersistenceUnitInfo [restartedMain] No LoadTimeWeaver setup: ignoring JPA class transformer
[32m2024-10-14 03:03:33.262[0;39m [INFO] com.zaxxer.hikari.HikariDataSource [restartedMain] HikariPool-2 - Starting...
[32m2024-10-14 03:03:33.330[0;39m [INFO] com.zaxxer.hikari.pool.HikariPool [restartedMain] HikariPool-2 - Added connection com.mysql.cj.jdbc.ConnectionImpl@c3cebb4
[32m2024-10-14 03:03:33.330[0;39m [INFO] com.zaxxer.hikari.HikariDataSource [restartedMain] HikariPool-2 - Start completed.
[32m2024-10-14 03:03:33.407[0;39m [INFO] org.hibernate.engine.transaction.jta.platform.internal.JtaPlatformInitiator [restartedMain] HHH000489: No JTA platform available (set 'hibernate.transaction.jta.platform' to enable JTA platform integration)
[32m2024-10-14 03:03:33.455[0;39m [INFO] org.springframework.orm.jpa.LocalContainerEntityManagerFactoryBean [restartedMain] Initialized JPA EntityManagerFactory for persistence unit 'default'
[32m2024-10-14 03:03:33.545[0;39m [WARN] org.springframework.boot.autoconfigure.orm.jpa.JpaBaseConfiguration$JpaWebConfiguration [restartedMain] spring.jpa.open-in-view is enabled by default. Therefore, database queries may be performed during view rendering. Explicitly configure spring.jpa.open-in-view to disable this warning
[32m2024-10-14 03:03:33.692[0;39m [WARN] org.springframework.boot.autoconfigure.security.servlet.UserDetailsServiceAutoConfiguration [restartedMain] 

Using generated security password: 72d3e858-fb30-456c-bb11-82070b599a83

This generated password is for development use only. Your security configuration must be updated before running your application in production.

[32m2024-10-14 03:03:33.694[0;39m [INFO] org.springframework.security.config.annotation.authentication.configuration.InitializeUserDetailsBeanManagerConfigurer$InitializeUserDetailsManagerConfigurer [restartedMain] Global AuthenticationManager configured with UserDetailsService bean with name inMemoryUserDetailsManager
[32m2024-10-14 03:03:33.724[0;39m [INFO] org.springframework.boot.devtools.autoconfigure.OptionalLiveReloadServer [restartedMain] LiveReload server is running on port 35729
[32m2024-10-14 03:03:33.738[0;39m [INFO] org.springframework.boot.web.embedded.tomcat.TomcatWebServer [restartedMain] Tomcat started on port 7474 (http) with context path '/'
[32m2024-10-14 03:03:33.744[0;39m [INFO] com.wipro.review.ReviewRatingRestApiApplication [restartedMain] Started ReviewRatingRestApiApplication in 1.128 seconds (process running for 6166.158)
[32m2024-10-14 03:03:33.746[0;39m [INFO] org.springframework.boot.devtools.autoconfigure.ConditionEvaluationDeltaLoggingListener [restartedMain] Condition evaluation unchanged
[32m2024-10-14 03:03:35.157[0;39m [INFO] org.springframework.boot.devtools.autoconfigure.LocalDevToolsAutoConfiguration$RestartingClassPathChangeChangedEventListener [File Watcher] Restarting due to 13 class path changes (0 additions, 2 deletions, 11 modifications)
[32m2024-10-14 03:03:35.311[0;39m [INFO] org.springframework.orm.jpa.LocalContainerEntityManagerFactoryBean [Thread-9] Closing JPA EntityManagerFactory for persistence unit 'default'
[32m2024-10-14 03:03:35.312[0;39m [INFO] com.zaxxer.hikari.HikariDataSource [Thread-9] HikariPool-2 - Shutdown initiated...
[32m2024-10-14 03:03:35.322[0;39m [INFO] com.zaxxer.hikari.HikariDataSource [Thread-9] HikariPool-2 - Shutdown completed.
[32m2024-10-14 03:03:35.406[0;39m [INFO] com.wipro.review.ReviewRatingRestApiApplication [restartedMain] Starting ReviewRatingRestApiApplication using Java 17.0.11 with PID 5880 (C:\Users\VARSHITH GOUD\eclipse-workspace\docker-workspace\review_rating_rest_api\target\classes started by VARSHITH GOUD in C:\Users\VARSHITH GOUD\eclipse-workspace\docker-workspace\review_rating_rest_api)
[32m2024-10-14 03:03:35.406[0;39m [INFO] com.wipro.review.ReviewRatingRestApiApplication [restartedMain] No active profile set, falling back to 1 default profile: "default"
[32m2024-10-14 03:03:35.586[0;39m [INFO] org.springframework.data.repository.config.RepositoryConfigurationDelegate [restartedMain] Bootstrapping Spring Data JPA repositories in DEFAULT mode.
[32m2024-10-14 03:03:35.596[0;39m [INFO] org.springframework.data.repository.config.RepositoryConfigurationDelegate [restartedMain] Finished Spring Data repository scanning in 8 ms. Found 1 JPA repository interface.
[32m2024-10-14 03:03:35.707[0;39m [INFO] org.springframework.boot.web.embedded.tomcat.TomcatWebServer [restartedMain] Tomcat initialized with port 7474 (http)
[32m2024-10-14 03:03:35.708[0;39m [INFO] org.apache.catalina.core.StandardService [restartedMain] Starting service [Tomcat]
[32m2024-10-14 03:03:35.708[0;39m [INFO] org.apache.catalina.core.StandardEngine [restartedMain] Starting Servlet engine: [Apache Tomcat/10.1.30]
[32m2024-10-14 03:03:35.738[0;39m [INFO] org.apache.catalina.core.ContainerBase.[Tomcat].[localhost].[/] [restartedMain] Initializing Spring embedded WebApplicationContext
[32m2024-10-14 03:03:35.738[0;39m [INFO] org.springframework.boot.web.servlet.context.ServletWebServerApplicationContext [restartedMain] Root WebApplicationContext: initialization completed in 329 ms
[32m2024-10-14 03:03:35.774[0;39m [INFO] org.hibernate.jpa.internal.util.LogHelper [restartedMain] HHH000204: Processing PersistenceUnitInfo [name: default]
[32m2024-10-14 03:03:35.778[0;39m [INFO] org.hibernate.cache.internal.RegionFactoryInitiator [restartedMain] HHH000026: Second-level cache disabled
[32m2024-10-14 03:03:35.789[0;39m [INFO] org.springframework.orm.jpa.persistenceunit.SpringPersistenceUnitInfo [restartedMain] No LoadTimeWeaver setup: ignoring JPA class transformer
[32m2024-10-14 03:03:35.791[0;39m [INFO] com.zaxxer.hikari.HikariDataSource [restartedMain] HikariPool-3 - Starting...
[32m2024-10-14 03:03:35.806[0;39m [INFO] com.zaxxer.hikari.pool.HikariPool [restartedMain] HikariPool-3 - Added connection com.mysql.cj.jdbc.ConnectionImpl@74eb6387
[32m2024-10-14 03:03:35.806[0;39m [INFO] com.zaxxer.hikari.HikariDataSource [restartedMain] HikariPool-3 - Start completed.
[32m2024-10-14 03:03:35.848[0;39m [INFO] org.hibernate.engine.transaction.jta.platform.internal.JtaPlatformInitiator [restartedMain] HHH000489: No JTA platform available (set 'hibernate.transaction.jta.platform' to enable JTA platform integration)
[32m2024-10-14 03:03:35.860[0;39m [INFO] org.springframework.orm.jpa.LocalContainerEntityManagerFactoryBean [restartedMain] Initialized JPA EntityManagerFactory for persistence unit 'default'
[32m2024-10-14 03:03:35.911[0;39m [WARN] org.springframework.boot.autoconfigure.orm.jpa.JpaBaseConfiguration$JpaWebConfiguration [restartedMain] spring.jpa.open-in-view is enabled by default. Therefore, database queries may be performed during view rendering. Explicitly configure spring.jpa.open-in-view to disable this warning
[32m2024-10-14 03:03:36.034[0;39m [WARN] org.springframework.boot.autoconfigure.security.servlet.UserDetailsServiceAutoConfiguration [restartedMain] 

Using generated security password: 3ab683cf-ed58-4b9a-a47a-f08c67f24221

This generated password is for development use only. Your security configuration must be updated before running your application in production.

[32m2024-10-14 03:03:36.035[0;39m [INFO] org.springframework.security.config.annotation.authentication.configuration.InitializeUserDetailsBeanManagerConfigurer$InitializeUserDetailsManagerConfigurer [restartedMain] Global AuthenticationManager configured with UserDetailsService bean with name inMemoryUserDetailsManager
[32m2024-10-14 03:03:36.065[0;39m [INFO] org.springframework.boot.devtools.autoconfigure.OptionalLiveReloadServer [restartedMain] LiveReload server is running on port 35729
[32m2024-10-14 03:03:36.082[0;39m [INFO] org.springframework.boot.web.embedded.tomcat.TomcatWebServer [restartedMain] Tomcat started on port 7474 (http) with context path '/'
[32m2024-10-14 03:03:36.090[0;39m [INFO] com.wipro.review.ReviewRatingRestApiApplication [restartedMain] Started ReviewRatingRestApiApplication in 0.71 seconds (process running for 6168.503)
[32m2024-10-14 03:03:36.092[0;39m [INFO] org.springframework.boot.devtools.autoconfigure.ConditionEvaluationDeltaLoggingListener [restartedMain] Condition evaluation unchanged
[32m2024-10-14 03:04:05.552[0;39m [INFO] org.springframework.boot.devtools.autoconfigure.LocalDevToolsAutoConfiguration$RestartingClassPathChangeChangedEventListener [File Watcher] Restarting due to 11 class path changes (0 additions, 0 deletions, 11 modifications)
[32m2024-10-14 03:04:05.699[0;39m [INFO] org.springframework.orm.jpa.LocalContainerEntityManagerFactoryBean [Thread-11] Closing JPA EntityManagerFactory for persistence unit 'default'
[32m2024-10-14 03:04:05.701[0;39m [INFO] com.zaxxer.hikari.HikariDataSource [Thread-11] HikariPool-3 - Shutdown initiated...
[32m2024-10-14 03:04:05.712[0;39m [INFO] com.zaxxer.hikari.HikariDataSource [Thread-11] HikariPool-3 - Shutdown completed.
[32m2024-10-14 03:04:05.798[0;39m [INFO] com.wipro.review.ReviewRatingRestApiApplication [restartedMain] Starting ReviewRatingRestApiApplication using Java 17.0.11 with PID 5880 (C:\Users\VARSHITH GOUD\eclipse-workspace\docker-workspace\review_rating_rest_api\target\classes started by VARSHITH GOUD in C:\Users\VARSHITH GOUD\eclipse-workspace\docker-workspace\review_rating_rest_api)
[32m2024-10-14 03:04:05.799[0;39m [INFO] com.wipro.review.ReviewRatingRestApiApplication [restartedMain] No active profile set, falling back to 1 default profile: "default"
[32m2024-10-14 03:04:06.028[0;39m [INFO] org.springframework.data.repository.config.RepositoryConfigurationDelegate [restartedMain] Bootstrapping Spring Data JPA repositories in DEFAULT mode.
[32m2024-10-14 03:04:06.038[0;39m [INFO] org.springframework.data.repository.config.RepositoryConfigurationDelegate [restartedMain] Finished Spring Data repository scanning in 8 ms. Found 1 JPA repository interface.
[32m2024-10-14 03:04:06.176[0;39m [INFO] org.springframework.boot.web.embedded.tomcat.TomcatWebServer [restartedMain] Tomcat initialized with port 7474 (http)
[32m2024-10-14 03:04:06.177[0;39m [INFO] org.apache.catalina.core.StandardService [restartedMain] Starting service [Tomcat]
[32m2024-10-14 03:04:06.177[0;39m [INFO] org.apache.catalina.core.StandardEngine [restartedMain] Starting Servlet engine: [Apache Tomcat/10.1.30]
[32m2024-10-14 03:04:06.202[0;39m [INFO] org.apache.catalina.core.ContainerBase.[Tomcat].[localhost].[/] [restartedMain] Initializing Spring embedded WebApplicationContext
[32m2024-10-14 03:04:06.203[0;39m [INFO] org.springframework.boot.web.servlet.context.ServletWebServerApplicationContext [restartedMain] Root WebApplicationContext: initialization completed in 402 ms
[32m2024-10-14 03:04:06.234[0;39m [INFO] org.hibernate.jpa.internal.util.LogHelper [restartedMain] HHH000204: Processing PersistenceUnitInfo [name: default]
[32m2024-10-14 03:04:06.238[0;39m [INFO] org.hibernate.cache.internal.RegionFactoryInitiator [restartedMain] HHH000026: Second-level cache disabled
[32m2024-10-14 03:04:06.246[0;39m [INFO] org.springframework.orm.jpa.persistenceunit.SpringPersistenceUnitInfo [restartedMain] No LoadTimeWeaver setup: ignoring JPA class transformer
[32m2024-10-14 03:04:06.247[0;39m [INFO] com.zaxxer.hikari.HikariDataSource [restartedMain] HikariPool-4 - Starting...
[32m2024-10-14 03:04:06.264[0;39m [INFO] com.zaxxer.hikari.pool.HikariPool [restartedMain] HikariPool-4 - Added connection com.mysql.cj.jdbc.ConnectionImpl@5b279db4
[32m2024-10-14 03:04:06.264[0;39m [INFO] com.zaxxer.hikari.HikariDataSource [restartedMain] HikariPool-4 - Start completed.
[32m2024-10-14 03:04:06.305[0;39m [INFO] org.hibernate.engine.transaction.jta.platform.internal.JtaPlatformInitiator [restartedMain] HHH000489: No JTA platform available (set 'hibernate.transaction.jta.platform' to enable JTA platform integration)
[32m2024-10-14 03:04:06.315[0;39m [INFO] org.springframework.orm.jpa.LocalContainerEntityManagerFactoryBean [restartedMain] Initialized JPA EntityManagerFactory for persistence unit 'default'
[32m2024-10-14 03:04:06.366[0;39m [WARN] org.springframework.boot.autoconfigure.orm.jpa.JpaBaseConfiguration$JpaWebConfiguration [restartedMain] spring.jpa.open-in-view is enabled by default. Therefore, database queries may be performed during view rendering. Explicitly configure spring.jpa.open-in-view to disable this warning
[32m2024-10-14 03:04:06.458[0;39m [WARN] org.springframework.boot.autoconfigure.security.servlet.UserDetailsServiceAutoConfiguration [restartedMain] 

Using generated security password: aefd2df7-ea8c-4b22-942b-4e9f84912733

This generated password is for development use only. Your security configuration must be updated before running your application in production.

[32m2024-10-14 03:04:06.460[0;39m [INFO] org.springframework.security.config.annotation.authentication.configuration.InitializeUserDetailsBeanManagerConfigurer$InitializeUserDetailsManagerConfigurer [restartedMain] Global AuthenticationManager configured with UserDetailsService bean with name inMemoryUserDetailsManager
[32m2024-10-14 03:04:06.488[0;39m [INFO] org.springframework.boot.devtools.autoconfigure.OptionalLiveReloadServer [restartedMain] LiveReload server is running on port 35729
[32m2024-10-14 03:04:06.508[0;39m [INFO] org.springframework.boot.web.embedded.tomcat.TomcatWebServer [restartedMain] Tomcat started on port 7474 (http) with context path '/'
[32m2024-10-14 03:04:06.514[0;39m [INFO] com.wipro.review.ReviewRatingRestApiApplication [restartedMain] Started ReviewRatingRestApiApplication in 0.751 seconds (process running for 6198.928)
[32m2024-10-14 03:04:06.516[0;39m [INFO] org.springframework.boot.devtools.autoconfigure.ConditionEvaluationDeltaLoggingListener [restartedMain] Condition evaluation unchanged
[32m2024-10-14 03:17:15.043[0;39m [INFO] org.springframework.boot.admin.SpringApplicationAdminMXBeanRegistrar$SpringApplicationAdmin [RMI TCP Connection(120)-127.0.0.1] Application shutdown requested.
[32m2024-10-14 03:17:15.156[0;39m [INFO] org.springframework.orm.jpa.LocalContainerEntityManagerFactoryBean [RMI TCP Connection(120)-127.0.0.1] Closing JPA EntityManagerFactory for persistence unit 'default'
[32m2024-10-14 03:17:15.157[0;39m [INFO] com.zaxxer.hikari.HikariDataSource [RMI TCP Connection(120)-127.0.0.1] HikariPool-4 - Shutdown initiated...
[32m2024-10-14 03:17:15.171[0;39m [INFO] com.zaxxer.hikari.HikariDataSource [RMI TCP Connection(120)-127.0.0.1] HikariPool-4 - Shutdown completed.
[32m2024-10-14 03:17:18.234[0;39m [INFO] com.wipro.review.ReviewRatingRestApiApplication [main] Starting ReviewRatingRestApiApplication using Java 17.0.11 with PID 7372 (C:\Users\VARSHITH GOUD\eclipse-workspace\docker-workspace\review_rating_rest_api\target\classes started by VARSHITH GOUD in C:\Users\VARSHITH GOUD\eclipse-workspace\docker-workspace\review_rating_rest_api)
[32m2024-10-14 03:17:18.237[0;39m [INFO] com.wipro.review.ReviewRatingRestApiApplication [main] No active profile set, falling back to 1 default profile: "default"
[32m2024-10-14 03:17:20.699[0;39m [INFO] org.springframework.data.repository.config.RepositoryConfigurationDelegate [main] Bootstrapping Spring Data JPA repositories in DEFAULT mode.
[32m2024-10-14 03:17:20.756[0;39m [INFO] org.springframework.data.repository.config.RepositoryConfigurationDelegate [main] Finished Spring Data repository scanning in 49 ms. Found 1 JPA repository interface.
[32m2024-10-14 03:17:21.382[0;39m [INFO] org.springframework.boot.web.embedded.tomcat.TomcatWebServer [main] Tomcat initialized with port 7474 (http)
[32m2024-10-14 03:17:21.398[0;39m [INFO] org.apache.catalina.core.StandardService [main] Starting service [Tomcat]
[32m2024-10-14 03:17:21.398[0;39m [INFO] org.apache.catalina.core.StandardEngine [main] Starting Servlet engine: [Apache Tomcat/10.1.28]
[32m2024-10-14 03:17:21.476[0;39m [INFO] org.apache.catalina.core.ContainerBase.[Tomcat].[localhost].[/] [main] Initializing Spring embedded WebApplicationContext
[32m2024-10-14 03:17:21.476[0;39m [INFO] org.springframework.boot.web.servlet.context.ServletWebServerApplicationContext [main] Root WebApplicationContext: initialization completed in 3191 ms
[32m2024-10-14 03:17:21.662[0;39m [INFO] org.hibernate.jpa.internal.util.LogHelper [main] HHH000204: Processing PersistenceUnitInfo [name: default]
[32m2024-10-14 03:17:21.737[0;39m [INFO] org.hibernate.Version [main] HHH000412: Hibernate ORM core version 6.5.2.Final
[32m2024-10-14 03:17:21.780[0;39m [INFO] org.hibernate.cache.internal.RegionFactoryInitiator [main] HHH000026: Second-level cache disabled
[32m2024-10-14 03:17:22.172[0;39m [INFO] org.springframework.orm.jpa.persistenceunit.SpringPersistenceUnitInfo [main] No LoadTimeWeaver setup: ignoring JPA class transformer
[32m2024-10-14 03:17:22.214[0;39m [INFO] com.zaxxer.hikari.HikariDataSource [main] HikariPool-1 - Starting...
[32m2024-10-14 03:17:22.619[0;39m [INFO] com.zaxxer.hikari.pool.HikariPool [main] HikariPool-1 - Added connection com.mysql.cj.jdbc.ConnectionImpl@534762ed
[32m2024-10-14 03:17:22.622[0;39m [INFO] com.zaxxer.hikari.HikariDataSource [main] HikariPool-1 - Start completed.
[32m2024-10-14 03:17:23.723[0;39m [INFO] org.hibernate.engine.transaction.jta.platform.internal.JtaPlatformInitiator [main] HHH000489: No JTA platform available (set 'hibernate.transaction.jta.platform' to enable JTA platform integration)
[32m2024-10-14 03:17:23.792[0;39m [INFO] org.springframework.orm.jpa.LocalContainerEntityManagerFactoryBean [main] Initialized JPA EntityManagerFactory for persistence unit 'default'
[32m2024-10-14 03:17:24.072[0;39m [WARN] org.springframework.boot.autoconfigure.orm.jpa.JpaBaseConfiguration$JpaWebConfiguration [main] spring.jpa.open-in-view is enabled by default. Therefore, database queries may be performed during view rendering. Explicitly configure spring.jpa.open-in-view to disable this warning
[32m2024-10-14 03:17:24.492[0;39m [INFO] org.springframework.boot.web.embedded.tomcat.TomcatWebServer [main] Tomcat started on port 7474 (http) with context path '/'
[32m2024-10-14 03:17:24.505[0;39m [INFO] com.wipro.review.ReviewRatingRestApiApplication [main] Started ReviewRatingRestApiApplication in 6.708 seconds (process running for 7.625)
[32m2024-10-14 03:52:10.632[0;39m [INFO] org.apache.catalina.core.ContainerBase.[Tomcat].[localhost].[/] [http-nio-7474-exec-1] Initializing Spring DispatcherServlet 'dispatcherServlet'
[32m2024-10-14 03:52:10.644[0;39m [INFO] org.springframework.web.servlet.DispatcherServlet [http-nio-7474-exec-1] Initializing Servlet 'dispatcherServlet'
[32m2024-10-14 03:52:10.675[0;39m [INFO] org.springframework.web.servlet.DispatcherServlet [http-nio-7474-exec-1] Completed initialization in 31 ms
[32m2024-10-14 04:49:47.676[0;39m [INFO] org.springframework.boot.admin.SpringApplicationAdminMXBeanRegistrar$SpringApplicationAdmin [RMI TCP Connection(96)-127.0.0.1] Application shutdown requested.
[32m2024-10-14 04:49:47.997[0;39m [INFO] org.springframework.orm.jpa.LocalContainerEntityManagerFactoryBean [RMI TCP Connection(96)-127.0.0.1] Closing JPA EntityManagerFactory for persistence unit 'default'
[32m2024-10-14 04:49:48.071[0;39m [INFO] com.zaxxer.hikari.HikariDataSource [RMI TCP Connection(96)-127.0.0.1] HikariPool-1 - Shutdown initiated...
[32m2024-10-14 04:49:48.118[0;39m [INFO] com.zaxxer.hikari.HikariDataSource [RMI TCP Connection(96)-127.0.0.1] HikariPool-1 - Shutdown completed.
[32m2024-10-14 04:49:51.184[0;39m [INFO] com.wipro.review.ReviewRatingRestApiApplication [main] Starting ReviewRatingRestApiApplication using Java 17.0.11 with PID 12196 (C:\Users\VARSHITH GOUD\eclipse-workspace\docker-workspace\review_rating_rest_api\target\classes started by VARSHITH GOUD in C:\Users\VARSHITH GOUD\eclipse-workspace\docker-workspace\review_rating_rest_api)
[32m2024-10-14 04:49:51.186[0;39m [INFO] com.wipro.review.ReviewRatingRestApiApplication [main] No active profile set, falling back to 1 default profile: "default"
[32m2024-10-14 04:49:51.914[0;39m [INFO] org.springframework.data.repository.config.RepositoryConfigurationDelegate [main] Bootstrapping Spring Data JPA repositories in DEFAULT mode.
[32m2024-10-14 04:49:51.985[0;39m [INFO] org.springframework.data.repository.config.RepositoryConfigurationDelegate [main] Finished Spring Data repository scanning in 62 ms. Found 1 JPA repository interface.
[32m2024-10-14 04:49:52.491[0;39m [INFO] org.springframework.boot.web.embedded.tomcat.TomcatWebServer [main] Tomcat initialized with port 7474 (http)
[32m2024-10-14 04:49:52.504[0;39m [INFO] org.apache.catalina.core.StandardService [main] Starting service [Tomcat]
[32m2024-10-14 04:49:52.505[0;39m [INFO] org.apache.catalina.core.StandardEngine [main] Starting Servlet engine: [Apache Tomcat/10.1.28]
[32m2024-10-14 04:49:52.571[0;39m [INFO] org.apache.catalina.core.ContainerBase.[Tomcat].[localhost].[/] [main] Initializing Spring embedded WebApplicationContext
[32m2024-10-14 04:49:52.572[0;39m [INFO] org.springframework.boot.web.servlet.context.ServletWebServerApplicationContext [main] Root WebApplicationContext: initialization completed in 1328 ms
[32m2024-10-14 04:49:52.749[0;39m [INFO] org.hibernate.jpa.internal.util.LogHelper [main] HHH000204: Processing PersistenceUnitInfo [name: default]
[32m2024-10-14 04:49:52.843[0;39m [INFO] org.hibernate.Version [main] HHH000412: Hibernate ORM core version 6.5.2.Final
[32m2024-10-14 04:49:52.889[0;39m [INFO] org.hibernate.cache.internal.RegionFactoryInitiator [main] HHH000026: Second-level cache disabled
[32m2024-10-14 04:49:53.232[0;39m [INFO] org.springframework.orm.jpa.persistenceunit.SpringPersistenceUnitInfo [main] No LoadTimeWeaver setup: ignoring JPA class transformer
[32m2024-10-14 04:49:53.261[0;39m [INFO] com.zaxxer.hikari.HikariDataSource [main] HikariPool-1 - Starting...
[32m2024-10-14 04:49:53.693[0;39m [INFO] com.zaxxer.hikari.pool.HikariPool [main] HikariPool-1 - Added connection com.mysql.cj.jdbc.ConnectionImpl@4d8056bf
[32m2024-10-14 04:49:53.695[0;39m [INFO] com.zaxxer.hikari.HikariDataSource [main] HikariPool-1 - Start completed.
[32m2024-10-14 04:49:54.737[0;39m [INFO] org.hibernate.engine.transaction.jta.platform.internal.JtaPlatformInitiator [main] HHH000489: No JTA platform available (set 'hibernate.transaction.jta.platform' to enable JTA platform integration)
[32m2024-10-14 04:49:54.834[0;39m [INFO] org.springframework.orm.jpa.LocalContainerEntityManagerFactoryBean [main] Initialized JPA EntityManagerFactory for persistence unit 'default'
[32m2024-10-14 04:49:55.115[0;39m [WARN] org.springframework.boot.autoconfigure.orm.jpa.JpaBaseConfiguration$JpaWebConfiguration [main] spring.jpa.open-in-view is enabled by default. Therefore, database queries may be performed during view rendering. Explicitly configure spring.jpa.open-in-view to disable this warning
[32m2024-10-14 04:49:55.545[0;39m [INFO] org.springframework.boot.web.embedded.tomcat.TomcatWebServer [main] Tomcat started on port 7474 (http) with context path '/'
[32m2024-10-14 04:49:55.557[0;39m [INFO] com.wipro.review.ReviewRatingRestApiApplication [main] Started ReviewRatingRestApiApplication in 4.755 seconds (process running for 5.354)
[32m2024-10-14 04:51:38.825[0;39m [INFO] org.apache.catalina.core.ContainerBase.[Tomcat].[localhost].[/] [http-nio-7474-exec-3] Initializing Spring DispatcherServlet 'dispatcherServlet'
[32m2024-10-14 04:51:38.826[0;39m [INFO] org.springframework.web.servlet.DispatcherServlet [http-nio-7474-exec-3] Initializing Servlet 'dispatcherServlet'
[32m2024-10-14 04:51:38.827[0;39m [INFO] org.springframework.web.servlet.DispatcherServlet [http-nio-7474-exec-3] Completed initialization in 1 ms
[32m2024-10-14 05:16:11.504[0;39m [INFO] org.springframework.boot.admin.SpringApplicationAdminMXBeanRegistrar$SpringApplicationAdmin [RMI TCP Connection(30)-127.0.0.1] Application shutdown requested.
[32m2024-10-14 05:16:11.744[0;39m [INFO] org.springframework.orm.jpa.LocalContainerEntityManagerFactoryBean [RMI TCP Connection(30)-127.0.0.1] Closing JPA EntityManagerFactory for persistence unit 'default'
[32m2024-10-14 05:16:11.779[0;39m [INFO] com.zaxxer.hikari.HikariDataSource [RMI TCP Connection(30)-127.0.0.1] HikariPool-1 - Shutdown initiated...
[32m2024-10-14 05:16:11.820[0;39m [INFO] com.zaxxer.hikari.HikariDataSource [RMI TCP Connection(30)-127.0.0.1] HikariPool-1 - Shutdown completed.
[32m2024-10-14 09:13:10.511[0;39m [INFO] com.wipro.review.ReviewRatingRestApiApplication [main] Starting ReviewRatingRestApiApplication using Java 17.0.11 with PID 4272 (C:\Users\VARSHITH GOUD\eclipse-workspace\docker-workspace\review_rating_rest_api\target\classes started by VARSHITH GOUD in C:\Users\VARSHITH GOUD\eclipse-workspace\docker-workspace\review_rating_rest_api)
[32m2024-10-14 09:13:10.520[0;39m [INFO] com.wipro.review.ReviewRatingRestApiApplication [main] No active profile set, falling back to 1 default profile: "default"
[32m2024-10-14 09:13:12.849[0;39m [INFO] org.springframework.data.repository.config.RepositoryConfigurationDelegate [main] Bootstrapping Spring Data JPA repositories in DEFAULT mode.
[32m2024-10-14 09:13:13.062[0;39m [INFO] org.springframework.data.repository.config.RepositoryConfigurationDelegate [main] Finished Spring Data repository scanning in 185 ms. Found 1 JPA repository interface.
[32m2024-10-14 09:13:15.071[0;39m [INFO] org.springframework.boot.web.embedded.tomcat.TomcatWebServer [main] Tomcat initialized with port 7474 (http)
[32m2024-10-14 09:13:15.131[0;39m [INFO] org.apache.catalina.core.StandardService [main] Starting service [Tomcat]
[32m2024-10-14 09:13:15.132[0;39m [INFO] org.apache.catalina.core.StandardEngine [main] Starting Servlet engine: [Apache Tomcat/10.1.28]
[32m2024-10-14 09:13:15.459[0;39m [INFO] org.apache.catalina.core.ContainerBase.[Tomcat].[localhost].[/] [main] Initializing Spring embedded WebApplicationContext
[32m2024-10-14 09:13:15.461[0;39m [INFO] org.springframework.boot.web.servlet.context.ServletWebServerApplicationContext [main] Root WebApplicationContext: initialization completed in 4788 ms
[32m2024-10-14 09:13:16.015[0;39m [INFO] org.hibernate.jpa.internal.util.LogHelper [main] HHH000204: Processing PersistenceUnitInfo [name: default]
[32m2024-10-14 09:13:16.214[0;39m [INFO] org.hibernate.Version [main] HHH000412: Hibernate ORM core version 6.5.2.Final
[32m2024-10-14 09:13:16.326[0;39m [INFO] org.hibernate.cache.internal.RegionFactoryInitiator [main] HHH000026: Second-level cache disabled
[32m2024-10-14 09:13:17.111[0;39m [INFO] org.springframework.orm.jpa.persistenceunit.SpringPersistenceUnitInfo [main] No LoadTimeWeaver setup: ignoring JPA class transformer
[32m2024-10-14 09:13:17.219[0;39m [INFO] com.zaxxer.hikari.HikariDataSource [main] HikariPool-1 - Starting...
[32m2024-10-14 09:13:18.086[0;39m [INFO] com.zaxxer.hikari.pool.HikariPool [main] HikariPool-1 - Added connection com.mysql.cj.jdbc.ConnectionImpl@32d0d7eb
[32m2024-10-14 09:13:18.092[0;39m [INFO] com.zaxxer.hikari.HikariDataSource [main] HikariPool-1 - Start completed.
[32m2024-10-14 09:13:20.218[0;39m [INFO] org.hibernate.engine.transaction.jta.platform.internal.JtaPlatformInitiator [main] HHH000489: No JTA platform available (set 'hibernate.transaction.jta.platform' to enable JTA platform integration)
[32m2024-10-14 09:13:20.328[0;39m [INFO] org.springframework.orm.jpa.LocalContainerEntityManagerFactoryBean [main] Initialized JPA EntityManagerFactory for persistence unit 'default'
[32m2024-10-14 09:13:20.874[0;39m [WARN] org.springframework.boot.autoconfigure.orm.jpa.JpaBaseConfiguration$JpaWebConfiguration [main] spring.jpa.open-in-view is enabled by default. Therefore, database queries may be performed during view rendering. Explicitly configure spring.jpa.open-in-view to disable this warning
[32m2024-10-14 09:13:21.568[0;39m [INFO] org.springframework.boot.web.embedded.tomcat.TomcatWebServer [main] Tomcat started on port 7474 (http) with context path '/'
[32m2024-10-14 09:13:21.587[0;39m [INFO] com.wipro.review.ReviewRatingRestApiApplication [main] Started ReviewRatingRestApiApplication in 13.647 seconds (process running for 17.71)
[32m2024-10-14 09:25:57.996[0;39m [INFO] org.springframework.boot.admin.SpringApplicationAdminMXBeanRegistrar$SpringApplicationAdmin [RMI TCP Connection(16)-127.0.0.1] Application shutdown requested.
[32m2024-10-14 09:25:58.858[0;39m [INFO] org.springframework.orm.jpa.LocalContainerEntityManagerFactoryBean [RMI TCP Connection(16)-127.0.0.1] Closing JPA EntityManagerFactory for persistence unit 'default'
[32m2024-10-14 09:25:58.959[0;39m [INFO] com.zaxxer.hikari.HikariDataSource [RMI TCP Connection(16)-127.0.0.1] HikariPool-1 - Shutdown initiated...
[32m2024-10-14 09:25:59.110[0;39m [INFO] com.zaxxer.hikari.HikariDataSource [RMI TCP Connection(16)-127.0.0.1] HikariPool-1 - Shutdown completed.
